<?xml version="1.0" encoding="UTF-8"?>
<!-- Generated by org.testng.reporters.JUnitXMLReporter -->
<testsuite hostname="Vladimir" ignored="2" name="Test1" tests="10" failures="0" timestamp="2020-09-03T16:54:30 IDT" time="146.036" errors="0">
  <testcase name="loginPositiveTest" time="7.39" classname="com.LoginPageTest"/>
  <testcase name="loginNegativeCurrentAccountTest" time="0.601" classname="com.LoginPageTest"/>
  <testcase name="loginNegativeRememberCheckBoxTest" time="18.233" classname="com.LoginPageTest"/>
  <testcase name="loginPageTitleTest" time="0.026" classname="com.LoginPageTest"/>
  <testcase name="loginPositiveRememberCheckBox1Test" time="15.014" classname="com.LoginPageTest"/>
  <testcase name="loginPositiveRememberCheckBoxTest" time="15.874" classname="com.LoginPageTest"/>
  <testcase name="loginNegativeAnotherAccountTest" time="0.64" classname="com.LoginPageTest"/>
  <testcase name="loginNegativeWrongLoginTest" time="0.755" classname="com.LoginPageTest"/>
  <testcase name="loginNegativeWrongPasswordTest" time="0.712" classname="com.LoginPageTest"/>
  <testcase name="logoutPositiveTest" time="11.179" classname="com.MainPageTest"/>
  <testcase name="@AfterSuite tearDown" time="0.0" classname="com.TestBase">
    <ignored/>
  </testcase> <!-- @AfterSuite tearDown -->
  <testcase name="@BeforeSuite initTestSuite" time="0.0" classname="com.TestBase">
    <ignored/>
  </testcase> <!-- @BeforeSuite initTestSuite -->
</testsuite> <!-- Test1 -->
