<?xml version="1.0" encoding="UTF-8"?>
<testsuite xmlns:xsi="http://www.w3.org/2001/XMLSchema-instance" xsi:noNamespaceSchemaLocation="https://maven.apache.org/surefire/maven-surefire-plugin/xsd/surefire-test-report.xsd" name="TestSuite" time="149.413" tests="10" errors="0" skipped="0" failures="0">
  <properties>
[...]
</properties>
  <testcase name="loginPositiveTest" classname="com.LoginPageTest" time="7.382"/>
  <testcase name="loginNegativeCurrentAccountTest" classname="com.LoginPageTest" time="0.611"/>
  <testcase name="loginNegativeRememberCheckBoxTest" classname="com.LoginPageTest" time="18.226"/>
  <testcase name="loginPageTitleTest" classname="com.LoginPageTest" time="0.028"/>
  <testcase name="loginPositiveRememberCheckBox1Test" classname="com.LoginPageTest" time="15.017"/>
  <testcase name="loginPositiveRememberCheckBoxTest" classname="com.LoginPageTest" time="15.87"/>
  <testcase name="loginNegativeAnotherAccountTest" classname="com.LoginPageTest" time="0.636"/>
  <testcase name="loginNegativeWrongLoginTest" classname="com.LoginPageTest" time="0.759"/>
  <testcase name="loginNegativeWrongPasswordTest" classname="com.LoginPageTest" time="0.779"/>
  <testcase name="logoutPositiveTest" classname="com.MainPageTest" time="11.179"/>
</testsuite>